#
# There is insufficient memory for the Java Runtime Environment to continue.
# Native memory allocation (malloc) failed to allocate 59456 bytes for Chunk::new
# Possible reasons:
#   The system is out of physical RAM or swap space
#   The process is running with CompressedOops enabled, and the Java Heap may be blocking the growth of the native heap
# Possible solutions:
#   Reduce memory load on the system
#   Increase physical memory or swap space
#   Check if swap backing store is full
#   Decrease Java heap size (-Xmx/-Xms)
#   Decrease number of Java threads
#   Decrease Java thread stack sizes (-Xss)
#   Set larger code cache with -XX:ReservedCodeCacheSize=
#   JVM is running with Zero Based Compressed Oops mode in which the Java heap is
#     placed in the first 32GB address space. The Java Heap base address is the
#     maximum limit for the native heap growth. Please use -XX:HeapBaseMinAddress
#     to set the Java Heap base and to place the Java Heap above 32GB virtual address.
# This output file may be truncated or incomplete.
#
#  Out of Memory Error (arena.cpp:191), pid=29444, tid=35836
#
# JRE version: OpenJDK Runtime Environment Corretto-17.0.10.7.1 (17.0.10+7) (build 17.0.10+7-LTS)
# Java VM: OpenJDK 64-Bit Server VM Corretto-17.0.10.7.1 (17.0.10+7-LTS, mixed mode, sharing, tiered, compressed oops, compressed class ptrs, g1 gc, windows-amd64)
# No core dump will be written. Minidumps are not enabled by default on client versions of Windows
#

---------------  S U M M A R Y ------------

Command Line: -javaagent:D:\JetBrains\IntelliJ IDEA 2023.3.3\lib\idea_rt.jar=53804:D:\JetBrains\IntelliJ IDEA 2023.3.3\bin -Dfile.encoding=UTF-8 ui.SimpleMainWindow

Host: 11th Gen Intel(R) Core(TM) i5-1135G7 @ 2.40GHz, 8 cores, 15G,  Windows 10 , 64 bit Build 19041 (10.0.19041.5915)
Time: Fri Oct 10 01:55:43 2025  Windows 10 , 64 bit Build 19041 (10.0.19041.5915) elapsed time: 0.269509 seconds (0d 0h 0m 0s)

---------------  T H R E A D  ---------------

Current thread (0x000001bd5ca68d20):  JavaThread "C2 CompilerThread0" daemon [_thread_in_native, id=35836, stack(0x0000004f5b600000,0x0000004f5b700000)]


Current CompileTask:
C2:    269  509       4       java.lang.StringLatin1::replace (198 bytes)

Stack: [0x0000004f5b600000,0x0000004f5b700000]
Native frames: (J=compiled Java code, j=interpreted, Vv=VM code, C=native code)
V  [jvm.dll+0x67d2c9]
V  [jvm.dll+0x834b1a]
V  [jvm.dll+0x8365de]
V  [jvm.dll+0x836c43]
V  [jvm.dll+0x2477ff]
V  [jvm.dll+0xac514]
V  [jvm.dll+0xacb5c]
V  [jvm.dll+0x2aed1f]
V  [jvm.dll+0x584b67]
V  [jvm.dll+0x2228a2]
V  [jvm.dll+0x21b942]
V  [jvm.dll+0x219201]
V  [jvm.dll+0x1a502d]
V  [jvm.dll+0x2290de]
V  [jvm.dll+0x2272ac]
V  [jvm.dll+0x7e9bd7]
V  [jvm.dll+0x7e3fda]
V  [jvm.dll+0x67c1b5]
C  [ucrtbase.dll+0x21bb2]
C  [KERNEL32.DLL+0x17374]
C  [ntdll.dll+0x4cc91]


---------------  P R O C E S S  ---------------

Threads class SMR info:
_java_thread_list=0x000001bd5ccd17c0, length=17, elements={
0x000001bd5ca53ac0, 0x000001bd5c9f4ef0, 0x000001bd5ca0ab30, 0x000001bd5ca0b6f0,
0x000001bd5ca0d0c0, 0x000001bd5ca0da80, 0x000001bd5ca68d20, 0x000001bd5ca6d8b0,
0x000001bd5ca81030, 0x000001bd5c9deaf0, 0x000001bd5cbf6720, 0x000001bd5cc3fa90,
0x000001bd5cdae760, 0x000001bd5cdaf0c0, 0x000001bd5cdafa20, 0x000001bd5cdf28c0,
0x000001bd39bef500
}

Java Threads: ( => current thread )
  0x000001bd5ca53ac0 JavaThread "Reference Handler" daemon [_thread_blocked, id=18988, stack(0x0000004f5b000000,0x0000004f5b100000)]
  0x000001bd5c9f4ef0 JavaThread "Finalizer" daemon [_thread_blocked, id=2360, stack(0x0000004f5b100000,0x0000004f5b200000)]
  0x000001bd5ca0ab30 JavaThread "Signal Dispatcher" daemon [_thread_blocked, id=28320, stack(0x0000004f5b200000,0x0000004f5b300000)]
  0x000001bd5ca0b6f0 JavaThread "Attach Listener" daemon [_thread_blocked, id=14436, stack(0x0000004f5b300000,0x0000004f5b400000)]
  0x000001bd5ca0d0c0 JavaThread "Service Thread" daemon [_thread_blocked, id=4964, stack(0x0000004f5b400000,0x0000004f5b500000)]
  0x000001bd5ca0da80 JavaThread "Monitor Deflation Thread" daemon [_thread_blocked, id=12216, stack(0x0000004f5b500000,0x0000004f5b600000)]
=>0x000001bd5ca68d20 JavaThread "C2 CompilerThread0" daemon [_thread_in_native, id=35836, stack(0x0000004f5b600000,0x0000004f5b700000)]
  0x000001bd5ca6d8b0 JavaThread "C1 CompilerThread0" daemon [_thread_blocked, id=30988, stack(0x0000004f5b700000,0x0000004f5b800000)]
  0x000001bd5ca81030 JavaThread "Sweeper thread" daemon [_thread_blocked, id=18188, stack(0x0000004f5b800000,0x0000004f5b900000)]
  0x000001bd5c9deaf0 JavaThread "Common-Cleaner" daemon [_thread_blocked, id=16000, stack(0x0000004f5b900000,0x0000004f5ba00000)]
  0x000001bd5cbf6720 JavaThread "Monitor Ctrl-Break" daemon [_thread_in_native, id=26088, stack(0x0000004f5ba00000,0x0000004f5bb00000)]
  0x000001bd5cc3fa90 JavaThread "Notification Thread" daemon [_thread_blocked, id=3120, stack(0x0000004f5bb00000,0x0000004f5bc00000)]
  0x000001bd5cdae760 JavaThread "Java2D Disposer" daemon [_thread_blocked, id=31188, stack(0x0000004f5bd00000,0x0000004f5be00000)]
  0x000001bd5cdaf0c0 JavaThread "AWT-Shutdown" [_thread_blocked, id=15212, stack(0x0000004f5be00000,0x0000004f5bf00000)]
  0x000001bd5cdafa20 JavaThread "AWT-Windows" daemon [_thread_in_native, id=27460, stack(0x0000004f5bf00000,0x0000004f5c000000)]
  0x000001bd5cdf28c0 JavaThread "AWT-EventQueue-0" [_thread_in_vm, id=34304, stack(0x0000004f5c000000,0x0000004f5c100000)]
  0x000001bd39bef500 JavaThread "DestroyJavaVM" [_thread_blocked, id=23928, stack(0x0000004f5a900000,0x0000004f5aa00000)]

Other Threads:
  0x000001bd5ca52010 VMThread "VM Thread" [stack: 0x0000004f5af00000,0x0000004f5b000000] [id=35252]
  0x000001bd39bf02d0 WatcherThread [stack: 0x0000004f5bc00000,0x0000004f5bd00000] [id=34220]
  0x000001bd39c586e0 GCTaskThread "GC Thread#0" [stack: 0x0000004f5aa00000,0x0000004f5ab00000] [id=26344]
  0x000001bd39c69780 ConcurrentGCThread "G1 Main Marker" [stack: 0x0000004f5ab00000,0x0000004f5ac00000] [id=26660]
  0x000001bd39c6a940 ConcurrentGCThread "G1 Conc#0" [stack: 0x0000004f5ac00000,0x0000004f5ad00000] [id=4640]
  0x000001bd39cad610 ConcurrentGCThread "G1 Refine#0" [stack: 0x0000004f5ad00000,0x0000004f5ae00000] [id=13448]
  0x000001bd39cae040 ConcurrentGCThread "G1 Service" [stack: 0x0000004f5ae00000,0x0000004f5af00000] [id=2188]

Threads with active compile tasks:
C2 CompilerThread0      278  509       4       java.lang.StringLatin1::replace (198 bytes)

VM state: not at safepoint (normal execution)

VM Mutex/Monitor currently owned by a thread:  ([mutex/lock_event])
[0x000001bd39be7700] Metaspace_lock - owner thread: 0x000001bd5cdf28c0

Heap address: 0x0000000704c00000, size: 4020 MB, Compressed Oops mode: Zero based, Oop shift amount: 3

CDS archive(s) mapped at: [0x000001bd5d000000-0x000001bd5dbb0000-0x000001bd5dbb0000), size 12255232, SharedBaseAddress: 0x000001bd5d000000, ArchiveRelocationMode: 1.
Compressed class space mapped at: 0x000001bd5e000000-0x000001bd9e000000, reserved size: 1073741824
Narrow klass base: 0x000001bd5d000000, Narrow klass shift: 0, Narrow klass range: 0x100000000

GC Precious Log:
 CPUs: 8 total, 8 available
 Memory: 16078M
 Large Page Support: Disabled
 NUMA Support: Disabled
 Compressed Oops: Enabled (Zero based)
 Heap Region Size: 2M
 Heap Min Capacity: 8M
 Heap Initial Capacity: 252M
 Heap Max Capacity: 4020M
 Pre-touch: Disabled
 Parallel Workers: 8
 Concurrent Workers: 2
 Concurrent Refinement Workers: 8
 Periodic GC: Disabled

Heap:
 garbage-first heap   total 258048K, used 4096K [0x0000000704c00000, 0x0000000800000000)
  region size 2048K, 3 young (6144K), 0 survivors (0K)
 Metaspace       used 4469K, committed 4608K, reserved 1114112K
  class space    used 474K, committed 512K, reserved 1048576K

Heap Regions: E=young(eden), S=young(survivor), O=old, HS=humongous(starts), HC=humongous(continues), CS=collection set, F=free, OA=open archive, CA=closed archive, TAMS=top-at-mark-start (previous, next)
|   0|0x0000000704c00000, 0x0000000704c00000, 0x0000000704e00000|  0%| F|  |TAMS 0x0000000704c00000, 0x0000000704c00000| Untracked 
|   1|0x0000000704e00000, 0x0000000704e00000, 0x0000000705000000|  0%| F|  |TAMS 0x0000000704e00000, 0x0000000704e00000| Untracked 
|   2|0x0000000705000000, 0x0000000705000000, 0x0000000705200000|  0%| F|  |TAMS 0x0000000705000000, 0x0000000705000000| Untracked 
|   3|0x0000000705200000, 0x0000000705200000, 0x0000000705400000|  0%| F|  |TAMS 0x0000000705200000, 0x0000000705200000| Untracked 
|   4|0x0000000705400000, 0x0000000705400000, 0x0000000705600000|  0%| F|  |TAMS 0x0000000705400000, 0x0000000705400000| Untracked 
|   5|0x0000000705600000, 0x0000000705600000, 0x0000000705800000|  0%| F|  |TAMS 0x0000000705600000, 0x0000000705600000| Untracked 
|   6|0x0000000705800000, 0x0000000705800000, 0x0000000705a00000|  0%| F|  |TAMS 0x0000000705800000, 0x0000000705800000| Untracked 
|   7|0x0000000705a00000, 0x0000000705a00000, 0x0000000705c00000|  0%| F|  |TAMS 0x0000000705a00000, 0x0000000705a00000| Untracked 
|   8|0x0000000705c00000, 0x0000000705c00000, 0x0000000705e00000|  0%| F|  |TAMS 0x0000000705c00000, 0x0000000705c00000| Untracked 
|   9|0x0000000705e00000, 0x0000000705e00000, 0x0000000706000000|  0%| F|  |TAMS 0x0000000705e00000, 0x0000000705e00000| Untracked 
|  10|0x0000000706000000, 0x0000000706000000, 0x0000000706200000|  0%| F|  |TAMS 0x0000000706000000, 0x0000000706000000| Untracked 
|  11|0x0000000706200000, 0x0000000706200000, 0x0000000706400000|  0%| F|  |TAMS 0x0000000706200000, 0x0000000706200000| Untracked 
|  12|0x0000000706400000, 0x0000000706400000, 0x0000000706600000|  0%| F|  |TAMS 0x0000000706400000, 0x0000000706400000| Untracked 
|  13|0x0000000706600000, 0x0000000706600000, 0x0000000706800000|  0%| F|  |TAMS 0x0000000706600000, 0x0000000706600000| Untracked 
|  14|0x0000000706800000, 0x0000000706800000, 0x0000000706a00000|  0%| F|  |TAMS 0x0000000706800000, 0x0000000706800000| Untracked 
|  15|0x0000000706a00000, 0x0000000706a00000, 0x0000000706c00000|  0%| F|  |TAMS 0x0000000706a00000, 0x0000000706a00000| Untracked 
|  16|0x0000000706c00000, 0x0000000706c00000, 0x0000000706e00000|  0%| F|  |TAMS 0x0000000706c00000, 0x0000000706c00000| Untracked 
|  17|0x0000000706e00000, 0x0000000706e00000, 0x0000000707000000|  0%| F|  |TAMS 0x0000000706e00000, 0x0000000706e00000| Untracked 
|  18|0x0000000707000000, 0x0000000707000000, 0x0000000707200000|  0%| F|  |TAMS 0x0000000707000000, 0x0000000707000000| Untracked 
|  19|0x0000000707200000, 0x0000000707200000, 0x0000000707400000|  0%| F|  |TAMS 0x0000000707200000, 0x0000000707200000| Untracked 
|  20|0x0000000707400000, 0x0000000707400000, 0x0000000707600000|  0%| F|  |TAMS 0x0000000707400000, 0x0000000707400000| Untracked 
|  21|0x0000000707600000, 0x0000000707600000, 0x0000000707800000|  0%| F|  |TAMS 0x0000000707600000, 0x0000000707600000| Untracked 
|  22|0x0000000707800000, 0x0000000707800000, 0x0000000707a00000|  0%| F|  |TAMS 0x0000000707800000, 0x0000000707800000| Untracked 
|  23|0x0000000707a00000, 0x0000000707a00000, 0x0000000707c00000|  0%| F|  |TAMS 0x0000000707a00000, 0x0000000707a00000| Untracked 
|  24|0x0000000707c00000, 0x0000000707c00000, 0x0000000707e00000|  0%| F|  |TAMS 0x0000000707c00000, 0x0000000707c00000| Untracked 
|  25|0x0000000707e00000, 0x0000000707e00000, 0x0000000708000000|  0%| F|  |TAMS 0x0000000707e00000, 0x0000000707e00000| Untracked 
|  26|0x0000000708000000, 0x0000000708000000, 0x0000000708200000|  0%| F|  |TAMS 0x0000000708000000, 0x0000000708000000| Untracked 
|  27|0x0000000708200000, 0x0000000708200000, 0x0000000708400000|  0%| F|  |TAMS 0x0000000708200000, 0x0000000708200000| Untracked 
|  28|0x0000000708400000, 0x0000000708400000, 0x0000000708600000|  0%| F|  |TAMS 0x0000000708400000, 0x0000000708400000| Untracked 
|  29|0x0000000708600000, 0x0000000708600000, 0x0000000708800000|  0%| F|  |TAMS 0x0000000708600000, 0x0000000708600000| Untracked 
|  30|0x0000000708800000, 0x0000000708800000, 0x0000000708a00000|  0%| F|  |TAMS 0x0000000708800000, 0x0000000708800000| Untracked 
|  31|0x0000000708a00000, 0x0000000708a00000, 0x0000000708c00000|  0%| F|  |TAMS 0x0000000708a00000, 0x0000000708a00000| Untracked 
|  32|0x0000000708c00000, 0x0000000708c00000, 0x0000000708e00000|  0%| F|  |TAMS 0x0000000708c00000, 0x0000000708c00000| Untracked 
|  33|0x0000000708e00000, 0x0000000708e00000, 0x0000000709000000|  0%| F|  |TAMS 0x0000000708e00000, 0x0000000708e00000| Untracked 
|  34|0x0000000709000000, 0x0000000709000000, 0x0000000709200000|  0%| F|  |TAMS 0x0000000709000000, 0x0000000709000000| Untracked 
|  35|0x0000000709200000, 0x0000000709200000, 0x0000000709400000|  0%| F|  |TAMS 0x0000000709200000, 0x0000000709200000| Untracked 
|  36|0x0000000709400000, 0x0000000709400000, 0x0000000709600000|  0%| F|  |TAMS 0x0000000709400000, 0x0000000709400000| Untracked 
|  37|0x0000000709600000, 0x0000000709600000, 0x0000000709800000|  0%| F|  |TAMS 0x0000000709600000, 0x0000000709600000| Untracked 
|  38|0x0000000709800000, 0x0000000709800000, 0x0000000709a00000|  0%| F|  |TAMS 0x0000000709800000, 0x0000000709800000| Untracked 
|  39|0x0000000709a00000, 0x0000000709a00000, 0x0000000709c00000|  0%| F|  |TAMS 0x0000000709a00000, 0x0000000709a00000| Untracked 
|  40|0x0000000709c00000, 0x0000000709c00000, 0x0000000709e00000|  0%| F|  |TAMS 0x0000000709c00000, 0x0000000709c00000| Untracked 
|  41|0x0000000709e00000, 0x0000000709e00000, 0x000000070a000000|  0%| F|  |TAMS 0x0000000709e00000, 0x0000000709e00000| Untracked 
|  42|0x000000070a000000, 0x000000070a000000, 0x000000070a200000|  0%| F|  |TAMS 0x000000070a000000, 0x000000070a000000| Untracked 
|  43|0x000000070a200000, 0x000000070a200000, 0x000000070a400000|  0%| F|  |TAMS 0x000000070a200000, 0x000000070a200000| Untracked 
|  44|0x000000070a400000, 0x000000070a400000, 0x000000070a600000|  0%| F|  |TAMS 0x000000070a400000, 0x000000070a400000| Untracked 
|  45|0x000000070a600000, 0x000000070a600000, 0x000000070a800000|  0%| F|  |TAMS 0x000000070a600000, 0x000000070a600000| Untracked 
|  46|0x000000070a800000, 0x000000070a800000, 0x000000070aa00000|  0%| F|  |TAMS 0x000000070a800000, 0x000000070a800000| Untracked 
|  47|0x000000070aa00000, 0x000000070aa00000, 0x000000070ac00000|  0%| F|  |TAMS 0x000000070aa00000, 0x000000070aa00000| Untracked 
|  48|0x000000070ac00000, 0x000000070ac00000, 0x000000070ae00000|  0%| F|  |TAMS 0x000000070ac00000, 0x000000070ac00000| Untracked 
|  49|0x000000070ae00000, 0x000000070ae00000, 0x000000070b000000|  0%| F|  |TAMS 0x000000070ae00000, 0x000000070ae00000| Untracked 
|  50|0x000000070b000000, 0x000000070b000000, 0x000000070b200000|  0%| F|  |TAMS 0x000000070b000000, 0x000000070b000000| Untracked 
|  51|0x000000070b200000, 0x000000070b200000, 0x000000070b400000|  0%| F|  |TAMS 0x000000070b200000, 0x000000070b200000| Untracked 
|  52|0x000000070b400000, 0x000000070b400000, 0x000000070b600000|  0%| F|  |TAMS 0x000000070b400000, 0x000000070b400000| Untracked 
|  53|0x000000070b600000, 0x000000070b600000, 0x000000070b800000|  0%| F|  |TAMS 0x000000070b600000, 0x000000070b600000| Untracked 
|  54|0x000000070b800000, 0x000000070b800000, 0x000000070ba00000|  0%| F|  |TAMS 0x000000070b800000, 0x000000070b800000| Untracked 
|  55|0x000000070ba00000, 0x000000070ba00000, 0x000000070bc00000|  0%| F|  |TAMS 0x000000070ba00000, 0x000000070ba00000| Untracked 
|  56|0x000000070bc00000, 0x000000070bc00000, 0x000000070be00000|  0%| F|  |TAMS 0x000000070bc00000, 0x000000070bc00000| Untracked 
|  57|0x000000070be00000, 0x000000070be00000, 0x000000070c000000|  0%| F|  |TAMS 0x000000070be00000, 0x000000070be00000| Untracked 
|  58|0x000000070c000000, 0x000000070c000000, 0x000000070c200000|  0%| F|  |TAMS 0x000000070c000000, 0x000000070c000000| Untracked 
|  59|0x000000070c200000, 0x000000070c200000, 0x000000070c400000|  0%| F|  |TAMS 0x000000070c200000, 0x000000070c200000| Untracked 
|  60|0x000000070c400000, 0x000000070c400000, 0x000000070c600000|  0%| F|  |TAMS 0x000000070c400000, 0x000000070c400000| Untracked 
|  61|0x000000070c600000, 0x000000070c600000, 0x000000070c800000|  0%| F|  |TAMS 0x000000070c600000, 0x000000070c600000| Untracked 
|  62|0x000000070c800000, 0x000000070c800000, 0x000000070ca00000|  0%| F|  |TAMS 0x000000070c800000, 0x000000070c800000| Untracked 
|  63|0x000000070ca00000, 0x000000070ca00000, 0x000000070cc00000|  0%| F|  |TAMS 0x000000070ca00000, 0x000000070ca00000| Untracked 
|  64|0x000000070cc00000, 0x000000070cc00000, 0x000000070ce00000|  0%| F|  |TAMS 0x000000070cc00000, 0x000000070cc00000| Untracked 
|  65|0x000000070ce00000, 0x000000070ce00000, 0x000000070d000000|  0%| F|  |TAMS 0x000000070ce00000, 0x000000070ce00000| Untracked 
|  66|0x000000070d000000, 0x000000070d000000, 0x000000070d200000|  0%| F|  |TAMS 0x000000070d000000, 0x000000070d000000| Untracked 
|  67|0x000000070d200000, 0x000000070d200000, 0x000000070d400000|  0%| F|  |TAMS 0x000000070d200000, 0x000000070d200000| Untracked 
|  68|0x000000070d400000, 0x000000070d400000, 0x000000070d600000|  0%| F|  |TAMS 0x000000070d400000, 0x000000070d400000| Untracked 
|  69|0x000000070d600000, 0x000000070d600000, 0x000000070d800000|  0%| F|  |TAMS 0x000000070d600000, 0x000000070d600000| Untracked 
|  70|0x000000070d800000, 0x000000070d800000, 0x000000070da00000|  0%| F|  |TAMS 0x000000070d800000, 0x000000070d800000| Untracked 
|  71|0x000000070da00000, 0x000000070da00000, 0x000000070dc00000|  0%| F|  |TAMS 0x000000070da00000, 0x000000070da00000| Untracked 
|  72|0x000000070dc00000, 0x000000070dc00000, 0x000000070de00000|  0%| F|  |TAMS 0x000000070dc00000, 0x000000070dc00000| Untracked 
|  73|0x000000070de00000, 0x000000070de00000, 0x000000070e000000|  0%| F|  |TAMS 0x000000070de00000, 0x000000070de00000| Untracked 
|  74|0x000000070e000000, 0x000000070e000000, 0x000000070e200000|  0%| F|  |TAMS 0x000000070e000000, 0x000000070e000000| Untracked 
|  75|0x000000070e200000, 0x000000070e200000, 0x000000070e400000|  0%| F|  |TAMS 0x000000070e200000, 0x000000070e200000| Untracked 
|  76|0x000000070e400000, 0x000000070e400000, 0x000000070e600000|  0%| F|  |TAMS 0x000000070e400000, 0x000000070e400000| Untracked 
|  77|0x000000070e600000, 0x000000070e600000, 0x000000070e800000|  0%| F|  |TAMS 0x000000070e600000, 0x000000070e600000| Untracked 
|  78|0x000000070e800000, 0x000000070e800000, 0x000000070ea00000|  0%| F|  |TAMS 0x000000070e800000, 0x000000070e800000| Untracked 
|  79|0x000000070ea00000, 0x000000070ea00000, 0x000000070ec00000|  0%| F|  |TAMS 0x000000070ea00000, 0x000000070ea00000| Untracked 
|  80|0x000000070ec00000, 0x000000070ec00000, 0x000000070ee00000|  0%| F|  |TAMS 0x000000070ec00000, 0x000000070ec00000| Untracked 
|  81|0x000000070ee00000, 0x000000070ee00000, 0x000000070f000000|  0%| F|  |TAMS 0x000000070ee00000, 0x000000070ee00000| Untracked 
|  82|0x000000070f000000, 0x000000070f000000, 0x000000070f200000|  0%| F|  |TAMS 0x000000070f000000, 0x000000070f000000| Untracked 
|  83|0x000000070f200000, 0x000000070f200000, 0x000000070f400000|  0%| F|  |TAMS 0x000000070f200000, 0x000000070f200000| Untracked 
|  84|0x000000070f400000, 0x000000070f400000, 0x000000070f600000|  0%| F|  |TAMS 0x000000070f400000, 0x000000070f400000| Untracked 
|  85|0x000000070f600000, 0x000000070f600000, 0x000000070f800000|  0%| F|  |TAMS 0x000000070f600000, 0x000000070f600000| Untracked 
|  86|0x000000070f800000, 0x000000070f800000, 0x000000070fa00000|  0%| F|  |TAMS 0x000000070f800000, 0x000000070f800000| Untracked 
|  87|0x000000070fa00000, 0x000000070fa00000, 0x000000070fc00000|  0%| F|  |TAMS 0x000000070fa00000, 0x000000070fa00000| Untracked 
|  88|0x000000070fc00000, 0x000000070fc00000, 0x000000070fe00000|  0%| F|  |TAMS 0x000000070fc00000, 0x000000070fc00000| Untracked 
|  89|0x000000070fe00000, 0x000000070fe00000, 0x0000000710000000|  0%| F|  |TAMS 0x000000070fe00000, 0x000000070fe00000| Untracked 
|  90|0x0000000710000000, 0x0000000710000000, 0x0000000710200000|  0%| F|  |TAMS 0x0000000710000000, 0x0000000710000000| Untracked 
|  91|0x0000000710200000, 0x0000000710200000, 0x0000000710400000|  0%| F|  |TAMS 0x0000000710200000, 0x0000000710200000| Untracked 
|  92|0x0000000710400000, 0x0000000710400000, 0x0000000710600000|  0%| F|  |TAMS 0x0000000710400000, 0x0000000710400000| Untracked 
|  93|0x0000000710600000, 0x0000000710600000, 0x0000000710800000|  0%| F|  |TAMS 0x0000000710600000, 0x0000000710600000| Untracked 
|  94|0x0000000710800000, 0x0000000710800000, 0x0000000710a00000|  0%| F|  |TAMS 0x0000000710800000, 0x0000000710800000| Untracked 
|  95|0x0000000710a00000, 0x0000000710a00000, 0x0000000710c00000|  0%| F|  |TAMS 0x0000000710a00000, 0x0000000710a00000| Untracked 
|  96|0x0000000710c00000, 0x0000000710c00000, 0x0000000710e00000|  0%| F|  |TAMS 0x0000000710c00000, 0x0000000710c00000| Untracked 
|  97|0x0000000710e00000, 0x0000000710e00000, 0x0000000711000000|  0%| F|  |TAMS 0x0000000710e00000, 0x0000000710e00000| Untracked 
|  98|0x0000000711000000, 0x0000000711000000, 0x0000000711200000|  0%| F|  |TAMS 0x0000000711000000, 0x0000000711000000| Untracked 
|  99|0x0000000711200000, 0x0000000711200000, 0x0000000711400000|  0%| F|  |TAMS 0x0000000711200000, 0x0000000711200000| Untracked 
| 100|0x0000000711400000, 0x0000000711400000, 0x0000000711600000|  0%| F|  |TAMS 0x0000000711400000, 0x0000000711400000| Untracked 
| 101|0x0000000711600000, 0x0000000711600000, 0x0000000711800000|  0%| F|  |TAMS 0x0000000711600000, 0x0000000711600000| Untracked 
| 102|0x0000000711800000, 0x0000000711800000, 0x0000000711a00000|  0%| F|  |TAMS 0x0000000711800000, 0x0000000711800000| Untracked 
| 103|0x0000000711a00000, 0x0000000711a00000, 0x0000000711c00000|  0%| F|  |TAMS 0x0000000711a00000, 0x0000000711a00000| Untracked 
| 104|0x0000000711c00000, 0x0000000711c00000, 0x0000000711e00000|  0%| F|  |TAMS 0x0000000711c00000, 0x0000000711c00000| Untracked 
| 105|0x0000000711e00000, 0x0000000711e00000, 0x0000000712000000|  0%| F|  |TAMS 0x0000000711e00000, 0x0000000711e00000| Untracked 
| 106|0x0000000712000000, 0x0000000712000000, 0x0000000712200000|  0%| F|  |TAMS 0x0000000712000000, 0x0000000712000000| Untracked 
| 107|0x0000000712200000, 0x0000000712200000, 0x0000000712400000|  0%| F|  |TAMS 0x0000000712200000, 0x0000000712200000| Untracked 
| 108|0x0000000712400000, 0x0000000712400000, 0x0000000712600000|  0%| F|  |TAMS 0x0000000712400000, 0x0000000712400000| Untracked 
| 109|0x0000000712600000, 0x0000000712600000, 0x0000000712800000|  0%| F|  |TAMS 0x0000000712600000, 0x0000000712600000| Untracked 
| 110|0x0000000712800000, 0x0000000712800000, 0x0000000712a00000|  0%| F|  |TAMS 0x0000000712800000, 0x0000000712800000| Untracked 
| 111|0x0000000712a00000, 0x0000000712a00000, 0x0000000712c00000|  0%| F|  |TAMS 0x0000000712a00000, 0x0000000712a00000| Untracked 
| 112|0x0000000712c00000, 0x0000000712c00000, 0x0000000712e00000|  0%| F|  |TAMS 0x0000000712c00000, 0x0000000712c00000| Untracked 
| 113|0x0000000712e00000, 0x0000000712e00000, 0x0000000713000000|  0%| F|  |TAMS 0x0000000712e00000, 0x0000000712e00000| Untracked 
| 114|0x0000000713000000, 0x0000000713000000, 0x0000000713200000|  0%| F|  |TAMS 0x0000000713000000, 0x0000000713000000| Untracked 
| 115|0x0000000713200000, 0x0000000713200000, 0x0000000713400000|  0%| F|  |TAMS 0x0000000713200000, 0x0000000713200000| Untracked 
| 116|0x0000000713400000, 0x0000000713400000, 0x0000000713600000|  0%| F|  |TAMS 0x0000000713400000, 0x0000000713400000| Untracked 
| 117|0x0000000713600000, 0x0000000713600000, 0x0000000713800000|  0%| F|  |TAMS 0x0000000713600000, 0x0000000713600000| Untracked 
| 118|0x0000000713800000, 0x0000000713800000, 0x0000000713a00000|  0%| F|  |TAMS 0x0000000713800000, 0x0000000713800000| Untracked 
| 119|0x0000000713a00000, 0x0000000713a00000, 0x0000000713c00000|  0%| F|  |TAMS 0x0000000713a00000, 0x0000000713a00000| Untracked 
| 120|0x0000000713c00000, 0x0000000713c00000, 0x0000000713e00000|  0%| F|  |TAMS 0x0000000713c00000, 0x0000000713c00000| Untracked 
| 121|0x0000000713e00000, 0x0000000713e00000, 0x0000000714000000|  0%| F|  |TAMS 0x0000000713e00000, 0x0000000713e00000| Untracked 
| 122|0x0000000714000000, 0x0000000714000000, 0x0000000714200000|  0%| F|  |TAMS 0x0000000714000000, 0x0000000714000000| Untracked 
| 123|0x0000000714200000, 0x0000000714400000, 0x0000000714400000|100%| E|  |TAMS 0x0000000714200000, 0x0000000714200000| Complete 
| 124|0x0000000714400000, 0x0000000714600000, 0x0000000714600000|100%| E|CS|TAMS 0x0000000714400000, 0x0000000714400000| Complete 
| 125|0x0000000714600000, 0x0000000714800000, 0x0000000714800000|100%| E|CS|TAMS 0x0000000714600000, 0x0000000714600000| Complete 

Card table byte_map: [0x000001bd51220000,0x000001bd51a00000] _byte_map_base: 0x000001bd4d9fa000

Marking Bits (Prev, Next): (CMBitMap*) 0x000001bd39c58d00, (CMBitMap*) 0x000001bd39c58d40
 Prev Bits: [0x000001bd521e0000, 0x000001bd560b0000)
 Next Bits: [0x000001bd560b0000, 0x000001bd59f80000)

Polling page: 0x000001bd393b0000

Metaspace:

Usage:
  Non-class:      3.90 MB used.
      Class:    474.22 KB used.
       Both:      4.37 MB used.

Virtual space:
  Non-class space:       64.00 MB reserved,       4.00 MB (  6%) committed,  1 nodes.
      Class space:        1.00 GB reserved,     512.00 KB ( <1%) committed,  1 nodes.
             Both:        1.06 GB reserved,       4.50 MB ( <1%) committed. 

Chunk freelists:
   Non-Class:  11.87 MB
       Class:  15.51 MB
        Both:  27.38 MB

MaxMetaspaceSize: unlimited
CompressedClassSpaceSize: 1.00 GB
Initial GC threshold: 21.00 MB
Current GC threshold: 21.00 MB
CDS: on
MetaspaceReclaimPolicy: balanced
 - commit_granule_bytes: 65536.
 - commit_granule_words: 8192.
 - virtual_space_node_default_size: 8388608.
 - enlarge_chunks_in_place: 1.
 - new_chunks_are_fully_committed: 0.
 - uncommit_free_chunks: 1.
 - use_allocation_guard: 0.
 - handle_deallocations: 1.


Internal statistics:

num_allocs_failed_limit: 0.
num_arena_births: 88.
num_arena_deaths: 0.
num_vsnodes_births: 2.
num_vsnodes_deaths: 0.
num_space_committed: 72.
num_space_uncommitted: 0.
num_chunks_returned_to_freelist: 0.
num_chunks_taken_from_freelist: 117.
num_chunk_merges: 0.
num_chunk_splits: 68.
num_chunks_enlarged: 24.
num_inconsistent_stats: 0.

CodeHeap 'non-profiled nmethods': size=120000Kb used=148Kb max_used=148Kb free=119851Kb
 bounds [0x000001bd491e0000, 0x000001bd49450000, 0x000001bd50710000]
CodeHeap 'profiled nmethods': size=120000Kb used=760Kb max_used=760Kb free=119240Kb
 bounds [0x000001bd41710000, 0x000001bd41980000, 0x000001bd48c40000]
CodeHeap 'non-nmethods': size=5760Kb used=1199Kb max_used=1212Kb free=4560Kb
 bounds [0x000001bd48c40000, 0x000001bd48eb0000, 0x000001bd491e0000]
 total_blobs=1005 nmethods=515 adapters=403
 compilation: enabled
              stopped_count=0, restarted_count=0
 full_count=0

Compilation events (20 events):
Event: 0.262 Thread 0x000001bd5ca6d8b0  499       3       jdk.internal.org.objectweb.asm.ClassReader::<init> (371 bytes)
Event: 0.263 Thread 0x000001bd5ca6d8b0 nmethod 499 0x000001bd417c3b10 code [0x000001bd417c3e00, 0x000001bd417c51d8]
Event: 0.263 Thread 0x000001bd5ca6d8b0  501       3       jdk.internal.org.objectweb.asm.MethodWriter::visitCode (1 bytes)
Event: 0.263 Thread 0x000001bd5ca6d8b0 nmethod 501 0x000001bd417c5710 code [0x000001bd417c58a0, 0x000001bd417c59b8]
Event: 0.263 Thread 0x000001bd5ca6d8b0  502       3       sun.invoke.util.VerifyAccess::isMemberAccessible (338 bytes)
Event: 0.263 Thread 0x000001bd5ca6d8b0 nmethod 502 0x000001bd417c5a90 code [0x000001bd417c5e20, 0x000001bd417c71c8]
Event: 0.263 Thread 0x000001bd5ca6d8b0  505       3       jdk.internal.org.objectweb.asm.Attribute::computeAttributesSize (62 bytes)
Event: 0.264 Thread 0x000001bd5ca6d8b0 nmethod 505 0x000001bd417c7710 code [0x000001bd417c78e0, 0x000001bd417c7c08]
Event: 0.264 Thread 0x000001bd5ca6d8b0  504       3       jdk.internal.org.objectweb.asm.MethodWriter::visitLabel (328 bytes)
Event: 0.264 Thread 0x000001bd5ca6d8b0 nmethod 504 0x000001bd417c7d90 code [0x000001bd417c8000, 0x000001bd417c8e28]
Event: 0.264 Thread 0x000001bd5ca6d8b0  506       3       jdk.internal.org.objectweb.asm.AnnotationWriter::computeAnnotationsSize (66 bytes)
Event: 0.264 Thread 0x000001bd5ca6d8b0 nmethod 506 0x000001bd417c9090 code [0x000001bd417c9260, 0x000001bd417c9598]
Event: 0.264 Thread 0x000001bd5ca6d8b0  507       3       jdk.internal.org.objectweb.asm.Attribute::putAttributes (78 bytes)
Event: 0.264 Thread 0x000001bd5ca6d8b0 nmethod 507 0x000001bd417c9790 code [0x000001bd417c99e0, 0x000001bd417c9f18]
Event: 0.264 Thread 0x000001bd5ca6d8b0  503       1       java.lang.invoke.DirectMethodHandle::isCrackable (5 bytes)
Event: 0.264 Thread 0x000001bd5ca6d8b0 nmethod 503 0x000001bd49204910 code [0x000001bd49204aa0, 0x000001bd49204b78]
Event: 0.267 Thread 0x000001bd5ca6d8b0  508       3       java.lang.ref.SoftReference::<init> (13 bytes)
Event: 0.268 Thread 0x000001bd5ca6d8b0 nmethod 508 0x000001bd417ca210 code [0x000001bd417ca3c0, 0x000001bd417ca6f8]
Event: 0.268 Thread 0x000001bd5ca68d20  509       4       java.lang.StringLatin1::replace (198 bytes)
Event: 0.268 Thread 0x000001bd5ca6d8b0  512       3       java.lang.CharacterData::of (136 bytes)

GC Heap History (0 events):
No events

Dll operation events (11 events):
Event: 0.009 Loaded shared library C:\Users\User\.jdks\corretto-17.0.10\bin\java.dll
Event: 0.029 Loaded shared library C:\Users\User\.jdks\corretto-17.0.10\bin\jsvml.dll
Event: 0.073 Loaded shared library C:\Users\User\.jdks\corretto-17.0.10\bin\zip.dll
Event: 0.075 Loaded shared library C:\Users\User\.jdks\corretto-17.0.10\bin\instrument.dll
Event: 0.080 Loaded shared library C:\Users\User\.jdks\corretto-17.0.10\bin\net.dll
Event: 0.081 Loaded shared library C:\Users\User\.jdks\corretto-17.0.10\bin\nio.dll
Event: 0.085 Loaded shared library C:\Users\User\.jdks\corretto-17.0.10\bin\zip.dll
Event: 0.095 Loaded shared library D:\JetBrains\IntelliJ IDEA 2023.3.3\bin\breakgen64.dll
Event: 0.104 Loaded shared library C:\Users\User\.jdks\corretto-17.0.10\bin\extnet.dll
Event: 0.107 Loaded shared library C:\Users\User\.jdks\corretto-17.0.10\bin\jimage.dll
Event: 0.130 Loaded shared library C:\Users\User\.jdks\corretto-17.0.10\bin\awt.dll

Deoptimization events (0 events):
No events

Classes unloaded (0 events):
No events

Classes redefined (0 events):
No events

Internal exceptions (11 events):
Event: 0.098 Thread 0x000001bd5cbf6720 Exception <a 'java/lang/NoSuchMethodError'{0x0000000714475a68}: 'java.lang.Object java.lang.invoke.DirectMethodHandle$Holder.invokeStaticInit(java.lang.Object)'> (0x0000000714475a68) 
thrown [s\src\hotspot\share\interpreter\linkResolver.cpp, line 759]
Event: 0.105 Thread 0x000001bd5cbf6720 Exception <a 'java/lang/NoSuchMethodError'{0x0000000714484590}: 'void java.lang.invoke.DirectMethodHandle$Holder.invokeStatic(java.lang.Object, java.lang.Object)'> (0x0000000714484590) 
thrown [s\src\hotspot\share\interpreter\linkResolver.cpp, line 759]
Event: 0.112 Thread 0x000001bd39bef500 Exception <a 'java/lang/ClassNotFoundException'{0x000000071444f468}: sun/awt/resources/spi/awtProvider> (0x000000071444f468) 
thrown [s\src\hotspot\share\classfile\systemDictionary.cpp, line 256]
Event: 0.139 Thread 0x000001bd39bef500 Exception <a 'java/io/FileNotFoundException'{0x0000000714513300}> (0x0000000714513300) 
thrown [s\src\hotspot\share\prims\jni.cpp, line 516]
Event: 0.145 Thread 0x000001bd39bef500 Exception <a 'java/io/FileNotFoundException'{0x0000000714540470}> (0x0000000714540470) 
thrown [s\src\hotspot\share\prims\jni.cpp, line 516]
Event: 0.234 Thread 0x000001bd5cdf28c0 Exception <a 'java/lang/NoSuchMethodError'{0x00000007142bf4b8}: 'void java.lang.invoke.DirectMethodHandle$Holder.invokeSpecial(java.lang.Object, java.lang.Object, java.lang.Object)'> (0x00000007142bf4b8) 
thrown [s\src\hotspot\share\interpreter\linkResolver.cpp, line 759]
Event: 0.244 Thread 0x000001bd5cdf28c0 Exception <a 'java/lang/NoSuchMethodError'{0x00000007142e9950}: 'java.lang.Object java.lang.invoke.DirectMethodHandle$Holder.newInvokeSpecial(java.lang.Object, java.lang.Object, java.lang.Object, java.lang.Object, java.lang.Object)'> (0x00000007142e9950) 
thrown [s\src\hotspot\share\interpreter\linkResolver.cpp, line 759]
Event: 0.245 Thread 0x000001bd5cdf28c0 Exception <a 'java/lang/NoSuchMethodError'{0x00000007142f5318}: 'java.lang.Object java.lang.invoke.DirectMethodHandle$Holder.invokeStatic(java.lang.Object, int, java.lang.Object, java.lang.Object, java.lang.Object, java.lang.Object)'> (0x00000007142f5318) 
thrown [s\src\hotspot\share\interpreter\linkResolver.cpp, line 759]
Event: 0.249 Thread 0x000001bd5cdf28c0 Exception <a 'java/lang/NoSuchMethodError'{0x000000071431aad8}: 'java.lang.Object java.lang.invoke.DirectMethodHandle$Holder.invokeStatic(java.lang.Object, int, java.lang.Object)'> (0x000000071431aad8) 
thrown [s\src\hotspot\share\interpreter\linkResolver.cpp, line 759]
Event: 0.267 Thread 0x000001bd5cdf28c0 Exception <a 'java/lang/ClassNotFoundException'{0x00000007143d2bb0}: com/sun/swing/internal/plaf/metal/resources/spi/metalProvider> (0x00000007143d2bb0) 
thrown [s\src\hotspot\share\classfile\systemDictionary.cpp, line 256]
Event: 0.268 Thread 0x000001bd5cdf28c0 Exception <a 'java/lang/ClassNotFoundException'{0x00000007143d6a58}: com/sun/swing/internal/plaf/basic/resources/spi/basicProvider> (0x00000007143d6a58) 
thrown [s\src\hotspot\share\classfile\systemDictionary.cpp, line 256]

VM Operations (4 events):
Event: 0.061 Executing VM operation: HandshakeAllThreads
Event: 0.062 Executing VM operation: HandshakeAllThreads done
Event: 0.097 Executing VM operation: HandshakeAllThreads
Event: 0.097 Executing VM operation: HandshakeAllThreads done

Events (20 events):
Event: 0.267 loading class com/sun/swing/internal/plaf/metal/resources/metal_ru
Event: 0.267 loading class com/sun/swing/internal/plaf/metal/resources/metal_ru done
Event: 0.267 loading class com/sun/swing/internal/plaf/metal/resources/metal_ru
Event: 0.267 loading class com/sun/swing/internal/plaf/metal/resources/metal_ru done
Event: 0.268 loading class com/sun/swing/internal/plaf/metal/resources/metal_ru_RU
Event: 0.268 loading class com/sun/swing/internal/plaf/metal/resources/metal_ru_RU done
Event: 0.268 loading class com/sun/swing/internal/plaf/metal/resources/metal_ru_RU
Event: 0.268 loading class com/sun/swing/internal/plaf/metal/resources/metal_ru_RU done
Event: 0.268 loading class sun/util/ResourceBundleEnumeration
Event: 0.268 loading class sun/util/ResourceBundleEnumeration done
Event: 0.268 loading class com/sun/swing/internal/plaf/basic/resources/basic
Event: 0.268 loading class com/sun/swing/internal/plaf/basic/resources/basic done
Event: 0.268 loading class com/sun/swing/internal/plaf/basic/resources/basic_ru
Event: 0.268 loading class com/sun/swing/internal/plaf/basic/resources/basic_ru done
Event: 0.268 loading class com/sun/swing/internal/plaf/basic/resources/basic_ru
Event: 0.268 loading class com/sun/swing/internal/plaf/basic/resources/basic_ru done
Event: 0.268 loading class com/sun/swing/internal/plaf/basic/resources/basic_ru_RU
Event: 0.268 loading class com/sun/swing/internal/plaf/basic/resources/basic_ru_RU done
Event: 0.268 loading class com/sun/swing/internal/plaf/basic/resources/basic_ru_RU
Event: 0.268 loading class com/sun/swing/internal/plaf/basic/resources/basic_ru_RU done


Dynamic libraries:
0x00007ff6cd0f0000 - 0x00007ff6cd0fe000 	C:\Users\User\.jdks\corretto-17.0.10\bin\java.exe
0x00007ffe44e90000 - 0x00007ffe45088000 	C:\WINDOWS\SYSTEM32\ntdll.dll
0x00007ffe436a0000 - 0x00007ffe43762000 	C:\WINDOWS\System32\KERNEL32.DLL
0x00007ffe429e0000 - 0x00007ffe42cd6000 	C:\WINDOWS\System32\KERNELBASE.dll
0x00007ffe428e0000 - 0x00007ffe429e0000 	C:\WINDOWS\System32\ucrtbase.dll
0x00007ffe34b80000 - 0x00007ffe34b97000 	C:\Users\User\.jdks\corretto-17.0.10\bin\jli.dll
0x00007ffe379e0000 - 0x00007ffe379fb000 	C:\Users\User\.jdks\corretto-17.0.10\bin\VCRUNTIME140.dll
0x00007ffe43ec0000 - 0x00007ffe4405d000 	C:\WINDOWS\System32\USER32.dll
0x00007ffe2a990000 - 0x00007ffe2ac2b000 	C:\WINDOWS\WinSxS\amd64_microsoft.windows.common-controls_6595b64144ccf1df_6.0.19041.6280_none_60bc30a171f2f3f3\COMCTL32.dll
0x00007ffe42810000 - 0x00007ffe42832000 	C:\WINDOWS\System32\win32u.dll
0x00007ffe43aa0000 - 0x00007ffe43b3e000 	C:\WINDOWS\System32\msvcrt.dll
0x00007ffe44150000 - 0x00007ffe4417b000 	C:\WINDOWS\System32\GDI32.dll
0x00007ffe425b0000 - 0x00007ffe426c9000 	C:\WINDOWS\System32\gdi32full.dll
0x00007ffe42840000 - 0x00007ffe428dd000 	C:\WINDOWS\System32\msvcp_win.dll
0x00007ffe43770000 - 0x00007ffe4379f000 	C:\WINDOWS\System32\IMM32.DLL
0x00007ffe399c0000 - 0x00007ffe399cc000 	C:\Users\User\.jdks\corretto-17.0.10\bin\vcruntime140_1.dll
0x00007ffe28cd0000 - 0x00007ffe28d5d000 	C:\Users\User\.jdks\corretto-17.0.10\bin\msvcp140.dll
0x00007ffdd11b0000 - 0x00007ffdd1e12000 	C:\Users\User\.jdks\corretto-17.0.10\bin\server\jvm.dll
0x00007ffe43bf0000 - 0x00007ffe43ca1000 	C:\WINDOWS\System32\ADVAPI32.dll
0x00007ffe42ec0000 - 0x00007ffe42f5f000 	C:\WINDOWS\System32\sechost.dll
0x00007ffe43980000 - 0x00007ffe43aa0000 	C:\WINDOWS\System32\RPCRT4.dll
0x00007ffe42e40000 - 0x00007ffe42e67000 	C:\WINDOWS\System32\bcrypt.dll
0x00007ffe419a0000 - 0x00007ffe419eb000 	C:\WINDOWS\SYSTEM32\POWRPROF.dll
0x00007ffe39cf0000 - 0x00007ffe39d17000 	C:\WINDOWS\SYSTEM32\WINMM.dll
0x00007ffe17b10000 - 0x00007ffe17b19000 	C:\WINDOWS\SYSTEM32\WSOCK32.dll
0x00007ffe36bf0000 - 0x00007ffe36bfa000 	C:\WINDOWS\SYSTEM32\VERSION.dll
0x00007ffe43d40000 - 0x00007ffe43dab000 	C:\WINDOWS\System32\WS2_32.dll
0x00007ffe41930000 - 0x00007ffe41942000 	C:\WINDOWS\SYSTEM32\UMPDC.dll
0x00007ffe40d80000 - 0x00007ffe40d92000 	C:\WINDOWS\SYSTEM32\kernel.appcore.dll
0x00007ffe31710000 - 0x00007ffe3171a000 	C:\Users\User\.jdks\corretto-17.0.10\bin\jimage.dll
0x00007ffe40a50000 - 0x00007ffe40c51000 	C:\WINDOWS\SYSTEM32\DBGHELP.DLL
0x00007ffe26690000 - 0x00007ffe266c4000 	C:\WINDOWS\SYSTEM32\dbgcore.DLL
0x00007ffe426d0000 - 0x00007ffe42752000 	C:\WINDOWS\System32\bcryptPrimitives.dll
0x00007ffe31700000 - 0x00007ffe3170e000 	C:\Users\User\.jdks\corretto-17.0.10\bin\instrument.dll
0x00007ffe312e0000 - 0x00007ffe31305000 	C:\Users\User\.jdks\corretto-17.0.10\bin\java.dll
0x00007ffded410000 - 0x00007ffded4e7000 	C:\Users\User\.jdks\corretto-17.0.10\bin\jsvml.dll
0x00007ffe44610000 - 0x00007ffe44d80000 	C:\WINDOWS\System32\SHELL32.dll
0x00007ffe3ffd0000 - 0x00007ffe40775000 	C:\WINDOWS\SYSTEM32\windows.storage.dll
0x00007ffe442b0000 - 0x00007ffe44603000 	C:\WINDOWS\System32\combase.dll
0x00007ffe41f60000 - 0x00007ffe41f8b000 	C:\WINDOWS\SYSTEM32\Wldp.dll
0x00007ffe44d80000 - 0x00007ffe44e4d000 	C:\WINDOWS\System32\OLEAUT32.dll
0x00007ffe43e10000 - 0x00007ffe43ebd000 	C:\WINDOWS\System32\SHCORE.dll
0x00007ffe43db0000 - 0x00007ffe43e0b000 	C:\WINDOWS\System32\shlwapi.dll
0x00007ffe42460000 - 0x00007ffe42484000 	C:\WINDOWS\SYSTEM32\profapi.dll
0x00007ffe2c050000 - 0x00007ffe2c068000 	C:\Users\User\.jdks\corretto-17.0.10\bin\zip.dll
0x00007ffe312c0000 - 0x00007ffe312d9000 	C:\Users\User\.jdks\corretto-17.0.10\bin\net.dll
0x00007ffe3bd50000 - 0x00007ffe3be5a000 	C:\WINDOWS\SYSTEM32\WINHTTP.dll
0x00007ffe41cc0000 - 0x00007ffe41d2a000 	C:\WINDOWS\system32\mswsock.dll
0x00007ffe312a0000 - 0x00007ffe312b6000 	C:\Users\User\.jdks\corretto-17.0.10\bin\nio.dll
0x00007ffe2c030000 - 0x00007ffe2c04a000 	D:\JetBrains\IntelliJ IDEA 2023.3.3\bin\breakgen64.dll
0x00007ffe316f0000 - 0x00007ffe316f9000 	C:\Users\User\.jdks\corretto-17.0.10\bin\extnet.dll
0x00007ffddc220000 - 0x00007ffddc3b0000 	C:\Users\User\.jdks\corretto-17.0.10\bin\awt.dll
0x00007ffe3aa20000 - 0x00007ffe3aab4000 	C:\WINDOWS\SYSTEM32\apphelp.dll
0x00007ffe3cfd0000 - 0x00007ffe3d06e000 	C:\WINDOWS\system32\uxtheme.dll
0x00007ffe43110000 - 0x00007ffe43225000 	C:\WINDOWS\System32\MSCTF.dll
0x00007ffe44180000 - 0x00007ffe442ab000 	C:\WINDOWS\System32\ole32.dll
0x00007ffe3d510000 - 0x00007ffe3d53e000 	C:\WINDOWS\system32\DWMAPI.DLL

dbghelp: loaded successfully - version: 4.0.5 - missing functions: none
symbol engine: initialized successfully - sym options: 0x614 - pdb path: .;C:\Users\User\.jdks\corretto-17.0.10\bin;C:\WINDOWS\SYSTEM32;C:\WINDOWS\WinSxS\amd64_microsoft.windows.common-controls_6595b64144ccf1df_6.0.19041.6280_none_60bc30a171f2f3f3;C:\Users\User\.jdks\corretto-17.0.10\bin\server;D:\JetBrains\IntelliJ IDEA 2023.3.3\bin

VM Arguments:
jvm_args: -javaagent:D:\JetBrains\IntelliJ IDEA 2023.3.3\lib\idea_rt.jar=53804:D:\JetBrains\IntelliJ IDEA 2023.3.3\bin -Dfile.encoding=UTF-8 
java_command: ui.SimpleMainWindow
java_class_path (initial): D:\IdeaProjects\untitled11\out\production\untitled11;D:\s\postgresql-42.7.8.jar
Launcher Type: SUN_STANDARD

[Global flags]
     intx CICompilerCount                          = 4                                         {product} {ergonomic}
     uint ConcGCThreads                            = 2                                         {product} {ergonomic}
     uint G1ConcRefinementThreads                  = 8                                         {product} {ergonomic}
   size_t G1HeapRegionSize                         = 2097152                                   {product} {ergonomic}
    uintx GCDrainStackTargetSize                   = 64                                        {product} {ergonomic}
   size_t InitialHeapSize                          = 264241152                                 {product} {ergonomic}
   size_t MarkStackSize                            = 4194304                                   {product} {ergonomic}
   size_t MaxHeapSize                              = 4215275520                                {product} {ergonomic}
   size_t MaxNewSize                               = 2529165312                                {product} {ergonomic}
   size_t MinHeapDeltaBytes                        = 2097152                                   {product} {ergonomic}
   size_t MinHeapSize                              = 8388608                                   {product} {ergonomic}
    uintx NonNMethodCodeHeapSize                   = 5839372                                {pd product} {ergonomic}
    uintx NonProfiledCodeHeapSize                  = 122909434                              {pd product} {ergonomic}
    uintx ProfiledCodeHeapSize                     = 122909434                              {pd product} {ergonomic}
    uintx ReservedCodeCacheSize                    = 251658240                              {pd product} {ergonomic}
     bool SegmentedCodeCache                       = true                                      {product} {ergonomic}
   size_t SoftMaxHeapSize                          = 4215275520                             {manageable} {ergonomic}
     bool UseCompressedClassPointers               = true                           {product lp64_product} {ergonomic}
     bool UseCompressedOops                        = true                           {product lp64_product} {ergonomic}
     bool UseG1GC                                  = true                                      {product} {ergonomic}
     bool UseLargePagesIndividualAllocation        = false                                  {pd product} {ergonomic}

Logging:
Log output configuration:
 #0: stdout all=warning uptime,level,tags
 #1: stderr all=off uptime,level,tags

Environment Variables:
JAVA_HOME=C:\Program Files\Java\jdk-17\jdk17
CLASSPATH=D:\apache-tomcat-10.1.18\apache-tomcat-10.1.18\bin\*":%CLASSPATH%
PATH=C:\Program Files\Common Files\Oracle\Java\javapath;C:\WINDOWS\system32;C:\WINDOWS;C:\WINDOWS\System32\Wbem;C:\WINDOWS\System32\WindowsPowerShell\v1.0\;C:\WINDOWS\System32\OpenSSH\;C:\Program Files\Java\jdk-17\jdk17\bin;C:\Program Files\dotnet\;C:\Program Files\nodejs\;D:\PostgreSQL\17\bin;D:\21\dbhomeXE\bin;D:\bin;D:\R2024b\runtime\win64;C:\Users\User\Downloads\ffmpeg-2025-05-29-git-75960ac270-essentials_build\bin;C:\Program Files\Git\cmd;C:\Users\User\AppData\Local\Programs\Python\Python39\Scripts\;C:\Users\User\AppData\Local\Programs\Python\Python39\;C:\Users\User\AppData\Local\Microsoft\WindowsApps;C:\Users\User\AppData\Local\Programs\Microsoft VS Code\bin;C:\Users\User\AppData\Local\GitHubDesktop\bin;C:\Program Files\JetBrains\IntelliJ IDEA 2023.3.3\bin;;D:\PyCharm 2024.1.2\bin;;C:\Users\User\AppData\Roaming\npm;D:\DataGrip 2024.3.3\bin;
USERNAME=OSPC
OS=Windows_NT
PROCESSOR_IDENTIFIER=Intel64 Family 6 Model 140 Stepping 1, GenuineIntel
TMP=C:\Users\User\AppData\Local\Temp
TEMP=C:\Users\User\AppData\Local\Temp



Periodic native trim disabled


---------------  S Y S T E M  ---------------

OS:
 Windows 10 , 64 bit Build 19041 (10.0.19041.5915)
OS uptime: 27 days 4:38 hours

CPU: total 8 (initial active 8) (4 cores per cpu, 2 threads per core) family 6 model 140 stepping 1 microcode 0x86, cx8, cmov, fxsr, ht, mmx, 3dnowpref, sse, sse2, sse3, ssse3, sse4.1, sse4.2, popcnt, lzcnt, tsc, tscinvbit, avx, avx2, aes, erms, clmul, bmi1, bmi2, adx, avx512f, avx512dq, avx512cd, avx512bw, avx512vl, sha, fma, vzeroupper, avx512_vpopcntdq, avx512_vpclmulqdq, avx512_vaes, avx512_vnni, clflush, clflushopt, clwb, avx512_vbmi2, avx512_vbmi
Processor Information for all 8 processors :
  Max Mhz: 2419, Current Mhz: 2419, Mhz Limit: 2419

Memory: 4k page, system-wide physical 16078M (1234M free)
TotalPageFile size 28978M (AvailPageFile size 352M)
current process WorkingSet (physical memory assigned to process): 50M, peak: 50M
current process commit charge ("private bytes"): 347M, peak: 347M

vm_info: OpenJDK 64-Bit Server VM (17.0.10+7-LTS) for windows-amd64 JRE (17.0.10+7-LTS), built on Jan 10 2024 22:11:07 by "Administrator" with MS VC++ 16.10 / 16.11 (VS2019)

END.
